# JRE version: OpenJDK Runtime Environment Corretto-11.0.23.9.1 (11.0.23+9) (build 11.0.23+9-LTS)
# Java VM: OpenJDK 64-Bit Server VM Corretto-11.0.23.9.1 (11.0.23+9-LTS, mixed mode, tiered, compressed oops, g1 gc, windows-amd64)
Heap:
 garbage-first heap   total 305152K, used 138166K [0x0000000709400000, 0x0000000800000000)
  region size 1024K, 125 young (128000K), 18 survivors (18432K)
 Metaspace       used 80729K, capacity 83118K, committed 83152K, reserved 1122304K
  class space    used 9920K, capacity 10859K, committed 10880K, reserved 1048576K
GC Heap History (16 events):
Event: 0.536 GC heap before
{Heap before GC invocations=0 (full 0):
 garbage-first heap   total 253952K, used 25600K [0x0000000709400000, 0x0000000800000000)
  region size 1024K, 24 young (24576K), 0 survivors (0K)
 Metaspace       used 14163K, capacity 14452K, committed 14592K, reserved 1062912K
  class space    used 1351K, capacity 1457K, committed 1536K, reserved 1048576K
}
Event: 0.541 GC heap after
{Heap after GC invocations=1 (full 0):
 garbage-first heap   total 253952K, used 7587K [0x0000000709400000, 0x0000000800000000)
  region size 1024K, 3 young (3072K), 3 survivors (3072K)
 Metaspace       used 14163K, capacity 14452K, committed 14592K, reserved 1062912K
  class space    used 1351K, capacity 1457K, committed 1536K, reserved 1048576K
}
Event: 1.135 GC heap before
{Heap before GC invocations=1 (full 0):
 garbage-first heap   total 253952K, used 37283K [0x0000000709400000, 0x0000000800000000)
  region size 1024K, 33 young (33792K), 3 survivors (3072K)
 Metaspace       used 20629K, capacity 21218K, committed 21296K, reserved 1069056K
  class space    used 2165K, capacity 2426K, committed 2432K, reserved 1048576K
}
Event: 1.141 GC heap after
{Heap after GC invocations=2 (full 0):
 garbage-first heap   total 253952K, used 9571K [0x0000000709400000, 0x0000000800000000)
  region size 1024K, 5 young (5120K), 5 survivors (5120K)
 Metaspace       used 20629K, capacity 21218K, committed 21296K, reserved 1069056K
  class space    used 2165K, capacity 2426K, committed 2432K, reserved 1048576K
}
Event: 1.285 GC heap before
{Heap before GC invocations=3 (full 0):
 garbage-first heap   total 253952K, used 18787K [0x0000000709400000, 0x0000000800000000)
  region size 1024K, 15 young (15360K), 5 survivors (5120K)
 Metaspace       used 22530K, capacity 23213K, committed 23344K, reserved 1071104K
  class space    used 2426K, capacity 2681K, committed 2688K, reserved 1048576K
}
Event: 1.291 GC heap after
{Heap after GC invocations=4 (full 0):
 garbage-first heap   total 253952K, used 10028K [0x0000000709400000, 0x0000000800000000)
  region size 1024K, 1 young (1024K), 1 survivors (1024K)
 Metaspace       used 22530K, capacity 23213K, committed 23344K, reserved 1071104K
  class space    used 2426K, capacity 2681K, committed 2688K, reserved 1048576K
}
Event: 1.734 GC heap before
{Heap before GC invocations=4 (full 0):
 garbage-first heap   total 253952K, used 56108K [0x0000000709400000, 0x0000000800000000)
  region size 1024K, 47 young (48128K), 1 survivors (1024K)
 Metaspace       used 27762K, capacity 28601K, committed 28848K, reserved 1075200K
  class space    used 3196K, capacity 3544K, committed 3584K, reserved 1048576K
}
Event: 1.736 GC heap after
{Heap after GC invocations=5 (full 0):
 garbage-first heap   total 253952K, used 11489K [0x0000000709400000, 0x0000000800000000)
  region size 1024K, 3 young (3072K), 3 survivors (3072K)
 Metaspace       used 27762K, capacity 28601K, committed 28848K, reserved 1075200K
  class space    used 3196K, capacity 3544K, committed 3584K, reserved 1048576K
}
Event: 2.429 GC heap before
{Heap before GC invocations=5 (full 0):
 garbage-first heap   total 253952K, used 81121K [0x0000000709400000, 0x0000000800000000)
  region size 1024K, 72 young (73728K), 3 survivors (3072K)
 Metaspace       used 34913K, capacity 35843K, committed 35888K, reserved 1081344K
  class space    used 4042K, capacity 4444K, committed 4480K, reserved 1048576K
}
Event: 2.436 GC heap after
{Heap after GC invocations=6 (full 0):
 garbage-first heap   total 253952K, used 13947K [0x0000000709400000, 0x0000000800000000)
  region size 1024K, 5 young (5120K), 5 survivors (5120K)
 Metaspace       used 34913K, capacity 35843K, committed 35888K, reserved 1081344K
  class space    used 4042K, capacity 4444K, committed 4480K, reserved 1048576K
}
Event: 5.213 GC heap before
{Heap before GC invocations=7 (full 0):
 garbage-first heap   total 253952K, used 159355K [0x0000000709400000, 0x0000000800000000)
  region size 1024K, 148 young (151552K), 5 survivors (5120K)
 Metaspace       used 58082K, capacity 59669K, committed 59696K, reserved 1101824K
  class space    used 7135K, capacity 7794K, committed 7808K, reserved 1048576K
}
Event: 5.223 GC heap after
{Heap after GC invocations=8 (full 0):
 garbage-first heap   total 305152K, used 22754K [0x0000000709400000, 0x0000000800000000)
  region size 1024K, 14 young (14336K), 14 survivors (14336K)
 Metaspace       used 58082K, capacity 59669K, committed 59696K, reserved 1101824K
  class space    used 7135K, capacity 7794K, committed 7808K, reserved 1048576K
}
Event: 5.294 GC heap before
{Heap before GC invocations=8 (full 0):
 garbage-first heap   total 305152K, used 27874K [0x0000000709400000, 0x0000000800000000)
  region size 1024K, 20 young (20480K), 14 survivors (14336K)
 Metaspace       used 58601K, capacity 60158K, committed 60240K, reserved 1101824K
  class space    used 7205K, capacity 7892K, committed 7936K, reserved 1048576K
}
Event: 5.307 GC heap after
{Heap after GC invocations=9 (full 0):
 garbage-first heap   total 305152K, used 23546K [0x0000000709400000, 0x0000000800000000)
  region size 1024K, 12 young (12288K), 12 survivors (12288K)
 Metaspace       used 58601K, capacity 60158K, committed 60240K, reserved 1101824K
  class space    used 7205K, capacity 7892K, committed 7936K, reserved 1048576K
}
Event: 7.658 GC heap before
{Heap before GC invocations=10 (full 0):
 garbage-first heap   total 305152K, used 193530K [0x0000000709400000, 0x0000000800000000)
  region size 1024K, 178 young (182272K), 12 survivors (12288K)
 Metaspace       used 74291K, capacity 76314K, committed 76368K, reserved 1116160K
  class space    used 9148K, capacity 9967K, committed 9984K, reserved 1048576K
}
Event: 7.669 GC heap after
{Heap after GC invocations=11 (full 0):
 garbage-first heap   total 305152K, used 29622K [0x0000000709400000, 0x0000000800000000)
  region size 1024K, 18 young (18432K), 18 survivors (18432K)
 Metaspace       used 74291K, capacity 76314K, committed 76368K, reserved 1116160K
  class space    used 9148K, capacity 9967K, committed 9984K, reserved 1048576K
}

